npm error code ERESOLVE
npm error ERESOLVE could not resolve
npm error
npm error While resolving: react-beautiful-dnd@13.1.1
npm error Found: react@19.1.0
npm error node_modules/react
npm error   peer react@">=16" from @iconify/react@6.0.2
npm error   node_modules/@iconify/react
npm error     @iconify/react@"^6.0.2" from the root project
npm error   peerOptional react@"^16.9.0 || ^17.0.0 || ^18 || ^19" from @reduxjs/toolkit@2.9.0
npm error   node_modules/@reduxjs/toolkit
npm error     @reduxjs/toolkit@"1.x.x || 2.x.x" from recharts@3.2.1
npm error     node_modules/recharts
npm error       recharts@"^3.2.1" from the root project
npm error   17 more (@tanstack/react-query, ...)
npm error
npm error Could not resolve dependency:
npm error peer react@"^16.8.5 || ^17.0.0 || ^18.0.0" from react-beautiful-dnd@13.1.1
npm error node_modules/react-beautiful-dnd
npm error   react-beautiful-dnd@"^13.1.1" from the root project
npm error
npm error Conflicting peer dependency: react@18.3.1
npm error node_modules/react
npm error   peer react@"^16.8.5 || ^17.0.0 || ^18.0.0" from react-beautiful-dnd@13.1.1
npm error   node_modules/react-beautiful-dnd
npm error     react-beautiful-dnd@"^13.1.1" from the root project
npm error
npm error Fix the upstream dependency conflict, or retry
npm error this command with --force or --legacy-peer-deps
npm error to accept an incorrect (and potentially broken) dependency resolution.
npm error
npm error
npm error For a full report see:
npm error /Users/hughgramelspacher/.npm/_logs/2025-10-13T22_47_03_630Z-eresolve-report.txt
npm error A complete log of this run can be found in: /Users/hughgramelspacher/.npm/_logs/2025-10-13T22_47_03_630Z-debug-0.log
